# JRE version: OpenJDK Runtime Environment (8.0_181-b13) (build 1.8.0_181-8u181-b13-2~deb9u1-b13)
# Java VM: OpenJDK 64-Bit Server VM (25.181-b13 mixed mode linux-amd64 compressed oops)
Heap:
 def new generation   total 235968K, used 132169K [0x00000000d0000000, 0x00000000e0000000, 0x00000000e0000000)
  eden space 209792K,  55% used [0x00000000d0000000, 0x00000000d718bea0, 0x00000000dcce0000)
  from space 26176K,  60% used [0x00000000dcce0000, 0x00000000ddc665a8, 0x00000000de670000)
  to   space 26176K,   0% used [0x00000000de670000, 0x00000000de670000, 0x00000000e0000000)
 tenured generation   total 524288K, used 100767K [0x00000000e0000000, 0x0000000100000000, 0x0000000100000000)
   the space 524288K,  19% used [0x00000000e0000000, 0x00000000e6267f90, 0x00000000e6268000, 0x0000000100000000)
 Metaspace       used 67596K, capacity 71088K, committed 71296K, reserved 1112064K
  class space    used 8595K, capacity 9543K, committed 9600K, reserved 1048576K
GC Heap History (10 events):
Event: 36.146 GC heap before
{Heap before GC invocations=22 (full 3):
 def new generation   total 235968K, used 215174K [0x00000000d0000000, 0x00000000e0000000, 0x00000000e0000000)
  eden space 209792K, 100% used [0x00000000d0000000, 0x00000000dcce0000, 0x00000000dcce0000)
  from space 26176K,  20% used [0x00000000de670000, 0x00000000debb18a8, 0x00000000e0000000)
  to   space 26176K,   0% used [0x00000000dcce0000, 0x00000000dcce0000, 0x00000000de670000)
 tenured generation   total 524288K, used 86740K [0x00000000e0000000, 0x0000000100000000, 0x0000000100000000)
   the space 524288K,  16% used [0x00000000e0000000, 0x00000000e54b50e0, 0x00000000e54b5200, 0x0000000100000000)
 Metaspace       used 61934K, capacity 63836K, committed 64128K, reserved 1105920K
  class space    used 7797K, capacity 8459K, committed 8576K, reserved 1048576K
Event: 36.207 GC heap after
Heap after GC invocations=23 (full 3):
 def new generation   total 235968K, used 10309K [0x00000000d0000000, 0x00000000e0000000, 0x00000000e0000000)
  eden space 209792K,   0% used [0x00000000d0000000, 0x00000000d0000000, 0x00000000dcce0000)
  from space 26176K,  39% used [0x00000000dcce0000, 0x00000000dd6f1508, 0x00000000de670000)
  to   space 26176K,   0% used [0x00000000de670000, 0x00000000de670000, 0x00000000e0000000)
 tenured generation   total 524288K, used 86740K [0x00000000e0000000, 0x0000000100000000, 0x0000000100000000)
   the space 524288K,  16% used [0x00000000e0000000, 0x00000000e54b50e0, 0x00000000e54b5200, 0x0000000100000000)
 Metaspace       used 61934K, capacity 63836K, committed 64128K, reserved 1105920K
  class space    used 7797K, capacity 8459K, committed 8576K, reserved 1048576K
}
Event: 38.391 GC heap before
{Heap before GC invocations=23 (full 3):
 def new generation   total 235968K, used 220101K [0x00000000d0000000, 0x00000000e0000000, 0x00000000e0000000)
  eden space 209792K, 100% used [0x00000000d0000000, 0x00000000dcce0000, 0x00000000dcce0000)
  from space 26176K,  39% used [0x00000000dcce0000, 0x00000000dd6f1508, 0x00000000de670000)
  to   space 26176K,   0% used [0x00000000de670000, 0x00000000de670000, 0x00000000e0000000)
 tenured generation   total 524288K, used 86740K [0x00000000e0000000, 0x0000000100000000, 0x0000000100000000)
   the space 524288K,  16% used [0x00000000e0000000, 0x00000000e54b50e0, 0x00000000e54b5200, 0x0000000100000000)
 Metaspace       used 63622K, capacity 65640K, committed 65920K, reserved 1105920K
  class space    used 8078K, capacity 8777K, committed 8832K, reserved 1048576K
Event: 38.481 GC heap after
Heap after GC invocations=24 (full 3):
 def new generation   total 235968K, used 15514K [0x00000000d0000000, 0x00000000e0000000, 0x00000000e0000000)
  eden space 209792K,   0% used [0x00000000d0000000, 0x00000000d0000000, 0x00000000dcce0000)
  from space 26176K,  59% used [0x00000000de670000, 0x00000000df5969b8, 0x00000000e0000000)
  to   space 26176K,   0% used [0x00000000dcce0000, 0x00000000dcce0000, 0x00000000de670000)
 tenured generation   total 524288K, used 86740K [0x00000000e0000000, 0x0000000100000000, 0x0000000100000000)
   the space 524288K,  16% used [0x00000000e0000000, 0x00000000e54b50e0, 0x00000000e54b5200, 0x0000000100000000)
 Metaspace       used 63622K, capacity 65640K, committed 65920K, reserved 1105920K
  class space    used 8078K, capacity 8777K, committed 8832K, reserved 1048576K
}
Event: 65.404 GC heap before
{Heap before GC invocations=24 (full 3):
 def new generation   total 235968K, used 225074K [0x00000000d0000000, 0x00000000e0000000, 0x00000000e0000000)
  eden space 209792K,  99% used [0x00000000d0000000, 0x00000000dcca6178, 0x00000000dcce0000)
  from space 26176K,  59% used [0x00000000de670000, 0x00000000df5969b8, 0x00000000e0000000)
  to   space 26176K,   0% used [0x00000000dcce0000, 0x00000000dcce0000, 0x00000000de670000)
 tenured generation   total 524288K, used 86740K [0x00000000e0000000, 0x0000000100000000, 0x0000000100000000)
   the space 524288K,  16% used [0x00000000e0000000, 0x00000000e54b50e0, 0x00000000e54b5200, 0x0000000100000000)
 Metaspace       used 64646K, capacity 67738K, committed 67840K, reserved 1107968K
  class space    used 8315K, capacity 9210K, committed 9216K, reserved 1048576K
Event: 65.582 GC heap after
Heap after GC invocations=25 (full 3):
 def new generation   total 235968K, used 15347K [0x00000000d0000000, 0x00000000e0000000, 0x00000000e0000000)
  eden space 209792K,   0% used [0x00000000d0000000, 0x00000000d0000000, 0x00000000dcce0000)
  from space 26176K,  58% used [0x00000000dcce0000, 0x00000000ddbdced0, 0x00000000de670000)
  to   space 26176K,   0% used [0x00000000de670000, 0x00000000de670000, 0x00000000e0000000)
 tenured generation   total 524288K, used 90048K [0x00000000e0000000, 0x0000000100000000, 0x0000000100000000)
   the space 524288K,  17% used [0x00000000e0000000, 0x00000000e57f0318, 0x00000000e57f0400, 0x0000000100000000)
 Metaspace       used 64646K, capacity 67738K, committed 67840K, reserved 1107968K
  class space    used 8315K, capacity 9210K, committed 9216K, reserved 1048576K
}
Event: 326.111 GC heap before
{Heap before GC invocations=25 (full 3):
 def new generation   total 235968K, used 225139K [0x00000000d0000000, 0x00000000e0000000, 0x00000000e0000000)
  eden space 209792K, 100% used [0x00000000d0000000, 0x00000000dcce0000, 0x00000000dcce0000)
  from space 26176K,  58% used [0x00000000dcce0000, 0x00000000ddbdced0, 0x00000000de670000)
  to   space 26176K,   0% used [0x00000000de670000, 0x00000000de670000, 0x00000000e0000000)
 tenured generation   total 524288K, used 90048K [0x00000000e0000000, 0x0000000100000000, 0x0000000100000000)
   the space 524288K,  17% used [0x00000000e0000000, 0x00000000e57f0318, 0x00000000e57f0400, 0x0000000100000000)
 Metaspace       used 65415K, capacity 68644K, committed 68736K, reserved 1107968K
  class space    used 8429K, capacity 9326K, committed 9344K, reserved 1048576K
Event: 326.146 GC heap after
Heap after GC invocations=26 (full 3):
 def new generation   total 235968K, used 13258K [0x00000000d0000000, 0x00000000e0000000, 0x00000000e0000000)
  eden space 209792K,   0% used [0x00000000d0000000, 0x00000000d0000000, 0x00000000dcce0000)
  from space 26176K,  50% used [0x00000000de670000, 0x00000000df362870, 0x00000000e0000000)
  to   space 26176K,   0% used [0x00000000dcce0000, 0x00000000dcce0000, 0x00000000de670000)
 tenured generation   total 524288K, used 96109K [0x00000000e0000000, 0x0000000100000000, 0x0000000100000000)
   the space 524288K,  18% used [0x00000000e0000000, 0x00000000e5ddb408, 0x00000000e5ddb600, 0x0000000100000000)
 Metaspace       used 65415K, capacity 68644K, committed 68736K, reserved 1107968K
  class space    used 8429K, capacity 9326K, committed 9344K, reserved 1048576K
}
Event: 606.893 GC heap before
{Heap before GC invocations=26 (full 3):
 def new generation   total 235968K, used 223050K [0x00000000d0000000, 0x00000000e0000000, 0x00000000e0000000)
  eden space 209792K, 100% used [0x00000000d0000000, 0x00000000dcce0000, 0x00000000dcce0000)
  from space 26176K,  50% used [0x00000000de670000, 0x00000000df362870, 0x00000000e0000000)
  to   space 26176K,   0% used [0x00000000dcce0000, 0x00000000dcce0000, 0x00000000de670000)
 tenured generation   total 524288K, used 96109K [0x00000000e0000000, 0x0000000100000000, 0x0000000100000000)
   the space 524288K,  18% used [0x00000000e0000000, 0x00000000e5ddb408, 0x00000000e5ddb600, 0x0000000100000000)
 Metaspace       used 67306K, capacity 70724K, committed 71040K, reserved 1110016K
  class space    used 8563K, capacity 9484K, committed 9600K, reserved 1048576K
Event: 606.954 GC heap after
Heap after GC invocations=27 (full 3):
 def new generation   total 235968K, used 15897K [0x00000000d0000000, 0x00000000e0000000, 0x00000000e0000000)
  eden space 209792K,   0% used [0x00000000d0000000, 0x00000000d0000000, 0x00000000dcce0000)
  from space 26176K,  60% used [0x00000000dcce0000, 0x00000000ddc665a8, 0x00000000de670000)
  to   space 26176K,   0% used [0x00000000de670000, 0x00000000de670000, 0x00000000e0000000)
 tenured generation   total 524288K, used 100767K [0x00000000e0000000, 0x0000000100000000, 0x0000000100000000)
   the space 524288K,  19% used [0x00000000e0000000, 0x00000000e6267f90, 0x00000000e6268000, 0x0000000100000000)
 Metaspace       used 67306K, capacity 70724K, committed 71040K, reserved 1110016K
  class space    used 8563K, capacity 9484K, committed 9600K, reserved 1048576K
}

